logs/c368d412-ea1f-4668-b35d-1c87d48ec0c1.txt
val_bpb:enabled tokenizer_kind=sentencepiece tokenizer_path=./data/tokenizers/fineweb_1024_bpe.model
train_loader:dataset:fineweb10B_sp1024 train_shards:10
val_loader:shards pattern=./data/datasets/fineweb10B_sp1024/fineweb_val_*.bin tokens:62021632
model_params:26993756
mtp_num_heads:0 mtp_loss_weight:0.2 mtp_params:0
XSA:last_4 active_layers:[7, 8, 9, 10]
world_size:1 grad_accum_steps:8
sdp_backends:cudnn=False flash=True mem_efficient=False math=False
attention_mode:gqa num_heads:8 num_kv_heads:4
tie_embeddings:True embed_lr:0.035 head_lr:0.0 matrix_lr:0.025 scalar_lr:0.025
train_batch_tokens:786432 train_seq_len:2048 iterations:20000 warmup_steps:20 max_wallclock_seconds:300.000
seed:1337
warmup_step:1/20
warmup_step:2/20
warmup_step:3/20
warmup_step:4/20
warmup_step:5/20
warmup_step:6/20
warmup_step:7/20
warmup_step:8/20
warmup_step:9/20
warmup_step:10/20
warmup_step:11/20
warmup_step:12/20
warmup_step:13/20
warmup_step:14/20
warmup_step:15/20
warmup_step:16/20
warmup_step:17/20
warmup_step:18/20
warmup_step:19/20
warmup_step:20/20
step:1/20000 train_loss:6.9282 train_time:715ms step_avg:714.60ms
late_qat:enabled step:1 scale:0.1196
step:2/20000 train_loss:8.5824 train_time:1364ms step_avg:682.15ms
step:3/20000 train_loss:8.4348 train_time:2018ms step_avg:672.66ms
step:4/20000 train_loss:8.0916 train_time:2674ms step_avg:668.45ms
step:5/20000 train_loss:7.6894 train_time:3354ms step_avg:670.83ms
step:6/20000 train_loss:7.3612 train_time:4018ms step_avg:669.69ms
step:7/20000 train_loss:7.0241 train_time:4725ms step_avg:674.95ms
step:8/20000 train_loss:6.7462 train_time:5374ms step_avg:671.75ms
step:9/20000 train_loss:6.4912 train_time:6025ms step_avg:669.48ms
step:10/20000 train_loss:6.2941 train_time:6686ms step_avg:668.59ms
swa:start step:50
step:100/20000 train_loss:3.9555 train_time:66098ms step_avg:660.98ms
step:200/20000 train_loss:3.2454 train_time:132120ms step_avg:660.60ms
step:300/20000 train_loss:3.0163 train_time:198236ms step_avg:660.79ms
step:400/20000 train_loss:2.9657 train_time:264437ms step_avg:661.09ms
step:454/20000 val_loss:2.9055 val_bpb:1.7208 train_time:300234ms step_avg:661.31ms
stopping_early: wallclock_cap train_time:300234ms step:454/20000
peak memory allocated: 20856 MiB reserved: 20958 MiB
ema:applying EMA weights
DIAGNOSTIC post_ema val_loss:9.2117 val_bpb:5.4557 eval_time:15514ms
Serialized model: 106178569 bytes
Code size: 68020 bytes
magnitude_pruning: 5.0% applied
Serialized model int6+zlib: 9332042 bytes
Total submission size int6+zlib: 9400062 bytes
Total submission size int8+zlib: 9400062 bytes
final_int6_roundtrip val_loss:8.7693 val_bpb:5.1937 eval_time:49807ms
final_int6_roundtrip_exact val_loss:8.76932437 val_bpb:5.19368784
final_int6_sliding_window val_loss:8.7704 val_bpb:5.1943 stride:64 eval_time:574426ms
final_int6_sliding_window_exact val_loss:8.77037288 val_bpb:5.19432258
final_int8_zlib_roundtrip_exact val_loss:8.77037288 val_bpb:5.19432258
