logs/4c50dc7a-7ae7-4943-bab5-952c5f993eb5.txt
val_bpb:enabled tokenizer_kind=sentencepiece tokenizer_path=./data/tokenizers/fineweb_1024_bpe.model
train_loader:dataset:fineweb10B_sp1024 train_shards:10
val_loader:shards pattern=./data/datasets/fineweb10B_sp1024/fineweb_val_*.bin tokens:62021632
model_params:26993756
mtp_num_heads:0 mtp_loss_weight:0.2 mtp_params:0
XSA:last_4 active_layers:[7, 8, 9, 10]
world_size:1 grad_accum_steps:8
sdp_backends:cudnn=False flash=True mem_efficient=False math=False
attention_mode:gqa num_heads:8 num_kv_heads:4
tie_embeddings:True embed_lr:0.035 head_lr:0.0 matrix_lr:0.025 scalar_lr:0.025
train_batch_tokens:786432 train_seq_len:2048 iterations:20000 warmup_steps:20 max_wallclock_seconds:300.000
seed:1337
warmup_step:1/20
warmup_step:2/20
warmup_step:3/20
warmup_step:4/20
warmup_step:5/20
warmup_step:6/20
warmup_step:7/20
warmup_step:8/20
warmup_step:9/20
warmup_step:10/20
warmup_step:11/20
warmup_step:12/20
warmup_step:13/20
warmup_step:14/20
warmup_step:15/20
warmup_step:16/20
warmup_step:17/20
warmup_step:18/20
warmup_step:19/20
warmup_step:20/20
step:1/20000 train_loss:6.9282 train_time:717ms step_avg:716.60ms
late_qat:enabled step:1 scale:0.1193
step:2/20000 train_loss:8.5776 train_time:1386ms step_avg:693.12ms
step:3/20000 train_loss:8.4342 train_time:2069ms step_avg:689.62ms
step:4/20000 train_loss:8.0990 train_time:2724ms step_avg:680.89ms
step:5/20000 train_loss:7.7057 train_time:3383ms step_avg:676.65ms
step:6/20000 train_loss:7.3811 train_time:4039ms step_avg:673.10ms
step:7/20000 train_loss:7.0435 train_time:4707ms step_avg:672.49ms
step:8/20000 train_loss:6.7634 train_time:5361ms step_avg:670.16ms
step:9/20000 train_loss:6.5037 train_time:6021ms step_avg:669.00ms
step:10/20000 train_loss:6.3038 train_time:6680ms step_avg:667.98ms
swa:start step:50
step:100/20000 train_loss:3.9477 train_time:66351ms step_avg:663.51ms
step:200/20000 train_loss:3.2299 train_time:133000ms step_avg:665.00ms
step:300/20000 train_loss:3.0044 train_time:199610ms step_avg:665.37ms
step:400/20000 train_loss:2.9546 train_time:266171ms step_avg:665.43ms
step:451/20000 val_loss:2.8970 val_bpb:1.7157 train_time:300172ms step_avg:665.57ms
stopping_early: wallclock_cap train_time:300172ms step:451/20000
peak memory allocated: 20863 MiB reserved: 20960 MiB
ema:SKIPPED (disabled for dev gap test)
DIAGNOSTIC post_ema val_loss:2.8970 val_bpb:1.7157 eval_time:15640ms
Serialized model: 106178569 bytes
Code size: 67896 bytes
magnitude_pruning: 5.0% applied
Serialized model int6+zlib: 10401924 bytes
Total submission size int6+zlib: 10469820 bytes
Total submission size int8+zlib: 10469820 bytes
final_int6_roundtrip val_loss:3.9090 val_bpb:2.3151 eval_time:54071ms
final_int6_roundtrip_exact val_loss:3.90899999 val_bpb:2.31512998
final_int6_sliding_window val_loss:3.9178 val_bpb:2.3204 stride:64 eval_time:588836ms
final_int6_sliding_window_exact val_loss:3.91783792 val_bpb:2.32037044
final_int8_zlib_roundtrip_exact val_loss:3.91783792 val_bpb:2.32037044
