logs/f801bdfa-f822-4aaf-80d3-165cccacce69.txt
val_bpb:enabled tokenizer_kind=sentencepiece tokenizer_path=./data/tokenizers/fineweb_1024_bpe.model
train_loader:dataset:fineweb10B_sp1024 train_shards:10
val_loader:shards pattern=./data/datasets/fineweb10B_sp1024/fineweb_val_*.bin tokens:62021632
model_params:26993756
mtp_num_heads:0 mtp_loss_weight:0.2 mtp_params:0
XSA:last_4 active_layers:[7, 8, 9, 10]
world_size:1 grad_accum_steps:8
sdp_backends:cudnn=False flash=True mem_efficient=False math=False
attention_mode:gqa num_heads:8 num_kv_heads:4
tie_embeddings:True embed_lr:0.035 head_lr:0.0 matrix_lr:0.025 scalar_lr:0.025
train_batch_tokens:786432 train_seq_len:2048 iterations:20000 warmup_steps:20 max_wallclock_seconds:300.000
seed:1337
warmup_step:1/20
warmup_step:2/20
warmup_step:3/20
warmup_step:4/20
warmup_step:5/20
warmup_step:6/20
warmup_step:7/20
warmup_step:8/20
warmup_step:9/20
warmup_step:10/20
warmup_step:11/20
warmup_step:12/20
warmup_step:13/20
warmup_step:14/20
warmup_step:15/20
warmup_step:16/20
warmup_step:17/20
warmup_step:18/20
warmup_step:19/20
warmup_step:20/20
step:1/20000 train_loss:6.9282 train_time:707ms step_avg:706.73ms
late_qat:enabled step:1 scale:0.1209
step:2/20000 train_loss:8.5776 train_time:1358ms step_avg:679.13ms
step:3/20000 train_loss:8.4323 train_time:2016ms step_avg:672.00ms
step:4/20000 train_loss:8.0910 train_time:2672ms step_avg:668.12ms
step:5/20000 train_loss:7.6910 train_time:3325ms step_avg:665.05ms
step:6/20000 train_loss:7.3640 train_time:3989ms step_avg:664.77ms
step:7/20000 train_loss:7.0254 train_time:4645ms step_avg:663.60ms
step:8/20000 train_loss:6.7463 train_time:5303ms step_avg:662.91ms
step:9/20000 train_loss:6.4888 train_time:5957ms step_avg:661.85ms
step:10/20000 train_loss:6.2906 train_time:6617ms step_avg:661.70ms
swa:start step:50
step:100/20000 train_loss:3.9461 train_time:66457ms step_avg:664.57ms
step:200/20000 train_loss:3.2299 train_time:133003ms step_avg:665.01ms
step:300/20000 train_loss:3.0038 train_time:199174ms step_avg:663.91ms
step:400/20000 train_loss:2.9538 train_time:265524ms step_avg:663.81ms
step:453/20000 val_loss:2.8954 val_bpb:1.7148 train_time:300625ms step_avg:663.63ms
stopping_early: wallclock_cap train_time:300625ms step:453/20000
peak memory allocated: 20857 MiB reserved: 20870 MiB
ema:applying EMA weights
DIAGNOSTIC post_ema val_loss:9.4465 val_bpb:5.5948 eval_time:15541ms
Serialized model: 106178569 bytes
Code size: 68042 bytes
magnitude_pruning: 5.0% applied
Serialized model int6+zlib: 9357000 bytes
Total submission size int6+zlib: 9425042 bytes
Total submission size int8+zlib: 9425042 bytes
final_int6_roundtrip val_loss:8.9764 val_bpb:5.3163 eval_time:20191ms
final_int6_roundtrip_exact val_loss:8.97641007 val_bpb:5.31633566
final_int6_sliding_window val_loss:8.9773 val_bpb:5.3169 stride:64 eval_time:567330ms
final_int6_sliding_window_exact val_loss:8.97729160 val_bpb:5.31687182
final_int8_zlib_roundtrip_exact val_loss:8.97729160 val_bpb:5.31687182
