logs/61095d9a-55e8-47d0-9342-40a5f7e88bdc.txt
val_bpb:enabled tokenizer_kind=sentencepiece tokenizer_path=./data/tokenizers/fineweb_1024_bpe.model
train_loader:dataset:fineweb10B_sp1024 train_shards:10
val_loader:shards pattern=./data/datasets/fineweb10B_sp1024/fineweb_val_*.bin tokens:62021632
model_params:26993756
mtp_num_heads:0 mtp_loss_weight:0.2 mtp_params:0
XSA:last_4 active_layers:[7, 8, 9, 10]
world_size:1 grad_accum_steps:8
sdp_backends:cudnn=False flash=True mem_efficient=False math=False
attention_mode:gqa num_heads:8 num_kv_heads:4
tie_embeddings:True embed_lr:0.035 head_lr:0.0 matrix_lr:0.025 scalar_lr:0.025
train_batch_tokens:786432 train_seq_len:2048 iterations:20000 warmup_steps:20 max_wallclock_seconds:300.000
seed:1337
warmup_step:1/20
warmup_step:2/20
warmup_step:3/20
warmup_step:4/20
warmup_step:5/20
warmup_step:6/20
warmup_step:7/20
warmup_step:8/20
warmup_step:9/20
warmup_step:10/20
warmup_step:11/20
warmup_step:12/20
warmup_step:13/20
warmup_step:14/20
warmup_step:15/20
warmup_step:16/20
warmup_step:17/20
warmup_step:18/20
warmup_step:19/20
warmup_step:20/20
step:1/20000 train_loss:6.9282 train_time:702ms step_avg:701.60ms
late_qat:enabled step:1 scale:0.1218
step:2/20000 train_loss:8.5776 train_time:1354ms step_avg:676.77ms
step:3/20000 train_loss:8.4312 train_time:2009ms step_avg:669.72ms
step:4/20000 train_loss:8.0893 train_time:2664ms step_avg:665.97ms
step:5/20000 train_loss:7.6888 train_time:3327ms step_avg:665.47ms
step:6/20000 train_loss:7.3615 train_time:3983ms step_avg:663.75ms
step:7/20000 train_loss:7.0235 train_time:4641ms step_avg:662.98ms
step:8/20000 train_loss:6.7445 train_time:5295ms step_avg:661.87ms
step:9/20000 train_loss:6.4875 train_time:5949ms step_avg:660.99ms
step:10/20000 train_loss:6.2894 train_time:6609ms step_avg:660.88ms
swa:start step:50
step:100/20000 train_loss:3.9426 train_time:66141ms step_avg:661.41ms
step:200/20000 train_loss:3.2273 train_time:132708ms step_avg:663.54ms
step:300/20000 train_loss:3.0021 train_time:199005ms step_avg:663.35ms
step:400/20000 train_loss:2.9519 train_time:265344ms step_avg:663.36ms
step:453/20000 val_loss:2.8935 val_bpb:1.7137 train_time:300455ms step_avg:663.26ms
stopping_early: wallclock_cap train_time:300455ms step:453/20000
peak memory allocated: 20857 MiB reserved: 20870 MiB
ema:applying EMA weights
DIAGNOSTIC post_ema val_loss:9.4378 val_bpb:5.5896 eval_time:15557ms
Serialized model: 106178569 bytes
Code size: 68042 bytes
magnitude_pruning: 5.0% applied
Serialized model int6+zlib: 9355409 bytes
Total submission size int6+zlib: 9423451 bytes
Total submission size int8+zlib: 9423451 bytes
final_int6_roundtrip val_loss:8.9701 val_bpb:5.3126 eval_time:20301ms
final_int6_roundtrip_exact val_loss:8.97009977 val_bpb:5.31259835
final_int6_sliding_window val_loss:8.9707 val_bpb:5.3130 stride:64 eval_time:566887ms
final_int6_sliding_window_exact val_loss:8.97068972 val_bpb:5.31296181
final_int8_zlib_roundtrip_exact val_loss:8.97068972 val_bpb:5.31296181
