logs/9fc66f28-96d5-4f70-ba9e-76deef2da222.txt
val_bpb:enabled tokenizer_kind=sentencepiece tokenizer_path=./data/tokenizers/fineweb_1024_bpe.model
train_loader:dataset:fineweb10B_sp1024 train_shards:10
val_loader:shards pattern=./data/datasets/fineweb10B_sp1024/fineweb_val_*.bin tokens:62021632
model_params:26993756
mtp_num_heads:0 mtp_loss_weight:0.2 mtp_params:0
XSA:last_4 active_layers:[7, 8, 9, 10]
world_size:1 grad_accum_steps:8
sdp_backends:cudnn=False flash=True mem_efficient=False math=False
attention_mode:gqa num_heads:8 num_kv_heads:4
tie_embeddings:True embed_lr:0.035 head_lr:0.0 matrix_lr:0.025 scalar_lr:0.025
train_batch_tokens:786432 train_seq_len:2048 iterations:20000 warmup_steps:20 max_wallclock_seconds:300.000
seed:1337
warmup_step:1/20
warmup_step:2/20
warmup_step:3/20
warmup_step:4/20
warmup_step:5/20
warmup_step:6/20
warmup_step:7/20
warmup_step:8/20
warmup_step:9/20
warmup_step:10/20
warmup_step:11/20
warmup_step:12/20
warmup_step:13/20
warmup_step:14/20
warmup_step:15/20
warmup_step:16/20
warmup_step:17/20
warmup_step:18/20
warmup_step:19/20
warmup_step:20/20
step:1/20000 train_loss:6.9282 train_time:709ms step_avg:708.98ms
late_qat:enabled step:1 scale:0.1206
step:2/20000 train_loss:8.5776 train_time:1359ms step_avg:679.63ms
step:3/20000 train_loss:8.4327 train_time:2017ms step_avg:672.23ms
step:4/20000 train_loss:8.0915 train_time:2709ms step_avg:677.22ms
step:5/20000 train_loss:7.6915 train_time:3363ms step_avg:672.66ms
step:6/20000 train_loss:7.3686 train_time:4014ms step_avg:668.94ms
step:7/20000 train_loss:7.0319 train_time:4674ms step_avg:667.78ms
step:8/20000 train_loss:6.7529 train_time:5327ms step_avg:665.81ms
step:9/20000 train_loss:6.4950 train_time:5984ms step_avg:664.89ms
step:10/20000 train_loss:6.2960 train_time:6637ms step_avg:663.74ms
swa:start step:50
step:100/20000 train_loss:3.9470 train_time:66403ms step_avg:664.03ms
step:200/20000 train_loss:3.2294 train_time:132913ms step_avg:664.57ms
step:300/20000 train_loss:3.0039 train_time:199499ms step_avg:665.00ms
step:400/20000 train_loss:2.9541 train_time:265884ms step_avg:664.71ms
step:452/20000 val_loss:2.8962 val_bpb:1.7153 train_time:300536ms step_avg:664.90ms
stopping_early: wallclock_cap train_time:300536ms step:452/20000
peak memory allocated: 20861 MiB reserved: 20960 MiB
ema:applying EMA weights
DIAGNOSTIC post_ema val_loss:9.4511 val_bpb:5.5975 eval_time:15524ms
Serialized model: 106178569 bytes
Code size: 68042 bytes
magnitude_pruning: 5.0% applied
Serialized model int6+zlib: 9355764 bytes
Total submission size int6+zlib: 9423806 bytes
Total submission size int8+zlib: 9423806 bytes
final_int6_roundtrip val_loss:8.9978 val_bpb:5.3290 eval_time:51474ms
final_int6_roundtrip_exact val_loss:8.99779830 val_bpb:5.32900297
final_int6_sliding_window val_loss:8.9984 val_bpb:5.3294 stride:64 eval_time:575587ms
final_int6_sliding_window_exact val_loss:8.99841860 val_bpb:5.32938446
final_int8_zlib_roundtrip_exact val_loss:8.99841860 val_bpb:5.32938446
