logs/exp_20260402_052231_leaky_relu_0.3.txt
val_bpb:enabled tokenizer_kind=sentencepiece tokenizer_path=./data/tokenizers/fineweb_1024_bpe.model
train_loader:dataset:fineweb10B_sp1024 train_shards:10
val_loader:shards pattern=./data/datasets/fineweb10B_sp1024/fineweb_val_*.bin tokens:62021632
model_params:26993756
mtp_num_heads:0 mtp_loss_weight:0.2 mtp_params:0
XSA:last_4 active_layers:[7, 8, 9, 10]
world_size:1 grad_accum_steps:8
sdp_backends:cudnn=False flash=True mem_efficient=False math=False
attention_mode:gqa num_heads:8 num_kv_heads:4
tie_embeddings:True embed_lr:0.035 head_lr:0.0 matrix_lr:0.025 scalar_lr:0.025
train_batch_tokens:786432 train_seq_len:2048 iterations:20000 warmup_steps:20 max_wallclock_seconds:300.000
seed:1337
warmup_step:1/20
warmup_step:2/20
warmup_step:3/20
warmup_step:4/20
warmup_step:5/20
warmup_step:6/20
warmup_step:7/20
warmup_step:8/20
warmup_step:9/20
warmup_step:10/20
warmup_step:11/20
warmup_step:12/20
warmup_step:13/20
warmup_step:14/20
warmup_step:15/20
warmup_step:16/20
warmup_step:17/20
warmup_step:18/20
warmup_step:19/20
warmup_step:20/20
step:1/20000 train_loss:6.9282 train_time:969ms step_avg:969.41ms
late_qat:enabled step:1 scale:0.0874
step:2/20000 train_loss:8.5809 train_time:1881ms step_avg:940.40ms
step:3/20000 train_loss:8.4786 train_time:2777ms step_avg:925.74ms
step:4/20000 train_loss:8.2185 train_time:3670ms step_avg:917.51ms
step:5/20000 train_loss:7.8912 train_time:4565ms step_avg:912.92ms
step:6/20000 train_loss:7.6163 train_time:5461ms step_avg:910.25ms
step:7/20000 train_loss:7.3139 train_time:6355ms step_avg:907.90ms
step:8/20000 train_loss:7.0564 train_time:7252ms step_avg:906.46ms
step:9/20000 train_loss:6.7883 train_time:8147ms step_avg:905.22ms
step:10/20000 train_loss:6.5787 train_time:9056ms step_avg:905.63ms
swa:start step:50
step:50/20000 train_loss:5.3989 train_time:44891ms step_avg:897.82ms
step:100/20000 train_loss:4.3544 train_time:90026ms step_avg:900.26ms
step:150/20000 train_loss:3.8038 train_time:136047ms step_avg:906.98ms
step:200/20000 train_loss:3.5194 train_time:181044ms step_avg:905.22ms
step:250/20000 train_loss:3.4860 train_time:226041ms step_avg:904.17ms
step:300/20000 train_loss:3.3436 train_time:271551ms step_avg:905.17ms
step:332/20000 val_loss:3.3324 val_bpb:1.9736 train_time:300374ms step_avg:904.74ms
stopping_early: wallclock_cap train_time:300374ms step:332/20000
peak memory allocated: 20856 MiB reserved: 20958 MiB
ema:applying EMA weights
DIAGNOSTIC post_ema val_loss:8.7334 val_bpb:5.1724 eval_time:21384ms
Serialized model: 106178569 bytes
Code size: 67625 bytes
Serialized model int6+zlib: 5456667 bytes
Total submission size int6+zlib: 5524292 bytes
Total submission size int8+zlib: 5524292 bytes
final_int6_roundtrip val_loss:9.5991 val_bpb:5.6851 eval_time:51284ms
final_int6_roundtrip_exact val_loss:9.59908673 val_bpb:5.68511985
E0402 05:58:54.981000 48181 torch/distributed/elastic/multiprocessing/api.py:882] failed (exitcode: -9) local_rank: 0 (pid: 48250) of binary: /usr/local/bin/python
Traceback (most recent call last):
  File "/usr/local/bin/torchrun", line 7, in <module>
    sys.exit(main())
             ^^^^^^
  File "/usr/local/lib/python3.12/dist-packages/torch/distributed/elastic/multiprocessing/errors/__init__.py", line 357, in wrapper
    return f(*args, **kwargs)
           ^^^^^^^^^^^^^^^^^^
  File "/usr/local/lib/python3.12/dist-packages/torch/distributed/run.py", line 936, in main
    run(args)
  File "/usr/local/lib/python3.12/dist-packages/torch/distributed/run.py", line 927, in run
    elastic_launch(
  File "/usr/local/lib/python3.12/dist-packages/torch/distributed/launcher/api.py", line 156, in __call__
    return launch_agent(self._config, self._entrypoint, list(args))
           ^^^^^^^^^^^^^^^^^^^^^^^^^^^^^^^^^^^^^^^^^^^^^^^^^^^^^^^^
  File "/usr/local/lib/python3.12/dist-packages/torch/distributed/launcher/api.py", line 293, in launch_agent
    raise ChildFailedError(
torch.distributed.elastic.multiprocessing.errors.ChildFailedError: 
======================================================
train_gpt.py FAILED
------------------------------------------------------
Failures:
  <NO_OTHER_FAILURES>
------------------------------------------------------
Root Cause (first observed failure):
[0]:
  time      : 2026-04-02_05:58:54
  host      : 0513ba74e7b1
  rank      : 0 (local_rank: 0)
  exitcode  : -9 (pid: 48250)
  error_file: <N/A>
  traceback : Signal 9 (SIGKILL) received by PID 48250
======================================================
