logs/exp_20260402_080826_block_E_final_combo.txt
val_bpb:enabled tokenizer_kind=sentencepiece tokenizer_path=./data/tokenizers/fineweb_1024_bpe.model
train_loader:dataset:fineweb10B_sp1024 train_shards:10
val_loader:shards pattern=./data/datasets/fineweb10B_sp1024/fineweb_val_*.bin tokens:62021632
model_params:26993756
mtp_num_heads:0 mtp_loss_weight:0.2 mtp_params:0
XSA:last_4 active_layers:[7, 8, 9, 10]
world_size:1 grad_accum_steps:8
sdp_backends:cudnn=False flash=True mem_efficient=False math=False
attention_mode:gqa num_heads:8 num_kv_heads:4
tie_embeddings:True embed_lr:0.035 head_lr:0.0 matrix_lr:0.025 scalar_lr:0.025
train_batch_tokens:786432 train_seq_len:2048 iterations:20000 warmup_steps:20 max_wallclock_seconds:300.000
seed:1337
warmup_step:1/20
warmup_step:2/20
warmup_step:3/20
warmup_step:4/20
warmup_step:5/20
warmup_step:6/20
warmup_step:7/20
warmup_step:8/20
warmup_step:9/20
warmup_step:10/20
warmup_step:11/20
warmup_step:12/20
warmup_step:13/20
warmup_step:14/20
warmup_step:15/20
warmup_step:16/20
warmup_step:17/20
warmup_step:18/20
warmup_step:19/20
warmup_step:20/20
step:1/20000 train_loss:6.9282 train_time:685ms step_avg:684.56ms
late_qat:enabled step:1 scale:0.1240
step:2/20000 train_loss:8.5776 train_time:1330ms step_avg:665.17ms
step:3/20000 train_loss:8.4278 train_time:1974ms step_avg:658.12ms
step:4/20000 train_loss:8.0826 train_time:2634ms step_avg:658.48ms
step:5/20000 train_loss:7.6817 train_time:3277ms step_avg:655.43ms
step:6/20000 train_loss:7.3532 train_time:3921ms step_avg:653.44ms
step:7/20000 train_loss:7.0134 train_time:4564ms step_avg:652.05ms
step:8/20000 train_loss:6.7332 train_time:5237ms step_avg:654.65ms
step:9/20000 train_loss:6.4778 train_time:5879ms step_avg:653.27ms
step:10/20000 train_loss:6.2801 train_time:6522ms step_avg:652.19ms
swa:start step:50
step:50/20000 train_loss:5.1949 train_time:32149ms step_avg:642.98ms
step:100/20000 train_loss:3.9223 train_time:64644ms step_avg:646.44ms
step:150/20000 train_loss:3.4990 train_time:97003ms step_avg:646.69ms
step:200/20000 train_loss:3.2088 train_time:129285ms step_avg:646.43ms
step:250/20000 train_loss:3.1634 train_time:161501ms step_avg:646.00ms
step:300/20000 train_loss:2.9845 train_time:193588ms step_avg:645.29ms
step:350/20000 train_loss:2.9957 train_time:225720ms step_avg:644.91ms
step:400/20000 train_loss:2.9300 train_time:258007ms step_avg:645.02ms
step:450/20000 train_loss:2.7558 train_time:290197ms step_avg:644.88ms
step:466/20000 val_loss:2.8651 val_bpb:1.6969 train_time:300521ms step_avg:644.89ms
stopping_early: wallclock_cap train_time:300521ms step:466/20000
peak memory allocated: 20857 MiB reserved: 20870 MiB
ema:applying EMA weights
DIAGNOSTIC post_ema val_loss:9.2968 val_bpb:5.5061 eval_time:15389ms
Serialized model: 106178569 bytes
Code size: 68042 bytes
magnitude_pruning: 5.0% applied
Serialized model int6+zlib: 9455816 bytes
Total submission size int6+zlib: 9523858 bytes
Total submission size int8+zlib: 9523858 bytes
final_int6_roundtrip val_loss:8.7511 val_bpb:5.1829 eval_time:19314ms
final_int6_roundtrip_exact val_loss:8.75110132 val_bpb:5.18289513
E0402 08:19:04.775000 241071 torch/distributed/elastic/multiprocessing/api.py:882] failed (exitcode: -9) local_rank: 0 (pid: 241140) of binary: /usr/local/bin/python
Traceback (most recent call last):
  File "/usr/local/bin/torchrun", line 7, in <module>
    sys.exit(main())
             ^^^^^^
  File "/usr/local/lib/python3.12/dist-packages/torch/distributed/elastic/multiprocessing/errors/__init__.py", line 357, in wrapper
    return f(*args, **kwargs)
           ^^^^^^^^^^^^^^^^^^
  File "/usr/local/lib/python3.12/dist-packages/torch/distributed/run.py", line 936, in main
    run(args)
  File "/usr/local/lib/python3.12/dist-packages/torch/distributed/run.py", line 927, in run
    elastic_launch(
  File "/usr/local/lib/python3.12/dist-packages/torch/distributed/launcher/api.py", line 156, in __call__
    return launch_agent(self._config, self._entrypoint, list(args))
           ^^^^^^^^^^^^^^^^^^^^^^^^^^^^^^^^^^^^^^^^^^^^^^^^^^^^^^^^
  File "/usr/local/lib/python3.12/dist-packages/torch/distributed/launcher/api.py", line 293, in launch_agent
    raise ChildFailedError(
torch.distributed.elastic.multiprocessing.errors.ChildFailedError: 
=======================================================
train_gpt.py FAILED
-------------------------------------------------------
Failures:
  <NO_OTHER_FAILURES>
-------------------------------------------------------
Root Cause (first observed failure):
[0]:
  time      : 2026-04-02_08:19:04
  host      : 0513ba74e7b1
  rank      : 0 (local_rank: 0)
  exitcode  : -9 (pid: 241140)
  error_file: <N/A>
  traceback : Signal 9 (SIGKILL) received by PID 241140
=======================================================
