logs/exp_20260402_055908_blockB_baseline_int6_int6.txt
val_bpb:enabled tokenizer_kind=sentencepiece tokenizer_path=./data/tokenizers/fineweb_1024_bpe.model
train_loader:dataset:fineweb10B_sp1024 train_shards:10
val_loader:shards pattern=./data/datasets/fineweb10B_sp1024/fineweb_val_*.bin tokens:62021632
model_params:26993756
mtp_num_heads:0 mtp_loss_weight:0.2 mtp_params:0
XSA:last_4 active_layers:[7, 8, 9, 10]
world_size:1 grad_accum_steps:8
sdp_backends:cudnn=False flash=True mem_efficient=False math=False
attention_mode:gqa num_heads:8 num_kv_heads:4
tie_embeddings:True embed_lr:0.035 head_lr:0.0 matrix_lr:0.025 scalar_lr:0.025
train_batch_tokens:786432 train_seq_len:2048 iterations:20000 warmup_steps:20 max_wallclock_seconds:300.000
seed:1337
warmup_step:1/20
warmup_step:2/20
warmup_step:3/20
warmup_step:4/20
warmup_step:5/20
warmup_step:6/20
warmup_step:7/20
warmup_step:8/20
warmup_step:9/20
warmup_step:10/20
warmup_step:11/20
warmup_step:12/20
warmup_step:13/20
warmup_step:14/20
warmup_step:15/20
warmup_step:16/20
warmup_step:17/20
warmup_step:18/20
warmup_step:19/20
warmup_step:20/20
step:1/20000 train_loss:6.9282 train_time:696ms step_avg:695.91ms
late_qat:enabled step:1 scale:0.1218
step:2/20000 train_loss:8.5776 train_time:1346ms step_avg:673.15ms
step:3/20000 train_loss:8.4312 train_time:1999ms step_avg:666.24ms
step:4/20000 train_loss:8.0890 train_time:2647ms step_avg:661.74ms
step:5/20000 train_loss:7.6878 train_time:3299ms step_avg:659.70ms
step:6/20000 train_loss:7.3593 train_time:3945ms step_avg:657.52ms
step:7/20000 train_loss:7.0200 train_time:4596ms step_avg:656.59ms
step:8/20000 train_loss:6.7397 train_time:5244ms step_avg:655.55ms
step:9/20000 train_loss:6.4824 train_time:5894ms step_avg:654.83ms
step:10/20000 train_loss:6.2839 train_time:6542ms step_avg:654.19ms
swa:start step:50
step:50/20000 train_loss:5.2014 train_time:32333ms step_avg:646.66ms
step:100/20000 train_loss:3.9288 train_time:65042ms step_avg:650.42ms
step:150/20000 train_loss:3.5034 train_time:97586ms step_avg:650.57ms
step:200/20000 train_loss:3.2133 train_time:130068ms step_avg:650.34ms
step:250/20000 train_loss:3.1680 train_time:162506ms step_avg:650.03ms
step:300/20000 train_loss:2.9891 train_time:194897ms step_avg:649.66ms
step:350/20000 train_loss:3.0004 train_time:227375ms step_avg:649.64ms
step:400/20000 train_loss:2.9357 train_time:259944ms step_avg:649.86ms
step:450/20000 train_loss:2.7626 train_time:292481ms step_avg:649.96ms
step:462/20000 val_loss:2.8726 val_bpb:1.7013 train_time:300386ms step_avg:650.19ms
stopping_early: wallclock_cap train_time:300386ms step:462/20000
peak memory allocated: 20857 MiB reserved: 20870 MiB
ema:applying EMA weights
DIAGNOSTIC post_ema val_loss:9.3412 val_bpb:5.5324 eval_time:15431ms
Serialized model: 106178569 bytes
Code size: 67625 bytes
Serialized model int6+zlib: 5594391 bytes
Total submission size int6+zlib: 5662016 bytes
Total submission size int8+zlib: 5662016 bytes
final_int6_roundtrip val_loss:11.6931 val_bpb:6.9253 eval_time:19326ms
final_int6_roundtrip_exact val_loss:11.69313705 val_bpb:6.92533440
E0402 06:09:24.675000 99218 torch/distributed/elastic/multiprocessing/api.py:882] failed (exitcode: -9) local_rank: 0 (pid: 99287) of binary: /usr/local/bin/python
Traceback (most recent call last):
  File "/usr/local/bin/torchrun", line 7, in <module>
    sys.exit(main())
             ^^^^^^
  File "/usr/local/lib/python3.12/dist-packages/torch/distributed/elastic/multiprocessing/errors/__init__.py", line 357, in wrapper
    return f(*args, **kwargs)
           ^^^^^^^^^^^^^^^^^^
  File "/usr/local/lib/python3.12/dist-packages/torch/distributed/run.py", line 936, in main
    run(args)
  File "/usr/local/lib/python3.12/dist-packages/torch/distributed/run.py", line 927, in run
    elastic_launch(
  File "/usr/local/lib/python3.12/dist-packages/torch/distributed/launcher/api.py", line 156, in __call__
    return launch_agent(self._config, self._entrypoint, list(args))
           ^^^^^^^^^^^^^^^^^^^^^^^^^^^^^^^^^^^^^^^^^^^^^^^^^^^^^^^^
  File "/usr/local/lib/python3.12/dist-packages/torch/distributed/launcher/api.py", line 293, in launch_agent
    raise ChildFailedError(
torch.distributed.elastic.multiprocessing.errors.ChildFailedError: 
======================================================
train_gpt.py FAILED
------------------------------------------------------
Failures:
  <NO_OTHER_FAILURES>
------------------------------------------------------
Root Cause (first observed failure):
[0]:
  time      : 2026-04-02_06:09:24
  host      : 0513ba74e7b1
  rank      : 0 (local_rank: 0)
  exitcode  : -9 (pid: 99287)
  error_file: <N/A>
  traceback : Signal 9 (SIGKILL) received by PID 99287
======================================================
