logs/exp_20260402_074653_clip_7_percentiles.txt
val_bpb:enabled tokenizer_kind=sentencepiece tokenizer_path=./data/tokenizers/fineweb_1024_bpe.model
train_loader:dataset:fineweb10B_sp1024 train_shards:10
val_loader:shards pattern=./data/datasets/fineweb10B_sp1024/fineweb_val_*.bin tokens:62021632
model_params:26993756
mtp_num_heads:0 mtp_loss_weight:0.2 mtp_params:0
XSA:last_4 active_layers:[7, 8, 9, 10]
world_size:1 grad_accum_steps:8
sdp_backends:cudnn=False flash=True mem_efficient=False math=False
attention_mode:gqa num_heads:8 num_kv_heads:4
tie_embeddings:True embed_lr:0.035 head_lr:0.0 matrix_lr:0.025 scalar_lr:0.025
train_batch_tokens:786432 train_seq_len:2048 iterations:20000 warmup_steps:20 max_wallclock_seconds:300.000
seed:1337
warmup_step:1/20
warmup_step:2/20
warmup_step:3/20
warmup_step:4/20
warmup_step:5/20
warmup_step:6/20
warmup_step:7/20
warmup_step:8/20
warmup_step:9/20
warmup_step:10/20
warmup_step:11/20
warmup_step:12/20
warmup_step:13/20
warmup_step:14/20
warmup_step:15/20
warmup_step:16/20
warmup_step:17/20
warmup_step:18/20
warmup_step:19/20
warmup_step:20/20
step:1/20000 train_loss:6.9282 train_time:705ms step_avg:705.17ms
late_qat:enabled step:1 scale:0.1203
step:2/20000 train_loss:8.5776 train_time:1352ms step_avg:676.05ms
step:3/20000 train_loss:8.4331 train_time:1997ms step_avg:665.77ms
step:4/20000 train_loss:8.0912 train_time:2644ms step_avg:661.00ms
step:5/20000 train_loss:7.6888 train_time:3291ms step_avg:658.25ms
step:6/20000 train_loss:7.3594 train_time:3938ms step_avg:656.36ms
step:7/20000 train_loss:7.0191 train_time:4586ms step_avg:655.10ms
step:8/20000 train_loss:6.7385 train_time:5231ms step_avg:653.87ms
step:9/20000 train_loss:6.4809 train_time:5875ms step_avg:652.81ms
step:10/20000 train_loss:6.2824 train_time:6523ms step_avg:652.33ms
swa:start step:50
step:50/20000 train_loss:5.1987 train_time:32256ms step_avg:645.12ms
step:100/20000 train_loss:3.9258 train_time:64843ms step_avg:648.43ms
step:150/20000 train_loss:3.5013 train_time:97290ms step_avg:648.60ms
step:200/20000 train_loss:3.2118 train_time:129678ms step_avg:648.39ms
step:250/20000 train_loss:3.1664 train_time:162003ms step_avg:648.01ms
step:300/20000 train_loss:2.9870 train_time:194368ms step_avg:647.89ms
step:350/20000 train_loss:2.9981 train_time:226627ms step_avg:647.51ms
step:400/20000 train_loss:2.9329 train_time:259002ms step_avg:647.51ms
step:450/20000 train_loss:2.7594 train_time:291362ms step_avg:647.47ms
step:464/20000 val_loss:2.8691 val_bpb:1.6992 train_time:300448ms step_avg:647.52ms
stopping_early: wallclock_cap train_time:300448ms step:464/20000
peak memory allocated: 20858 MiB reserved: 20870 MiB
ema:applying EMA weights
DIAGNOSTIC post_ema val_loss:9.3183 val_bpb:5.5188 eval_time:15446ms
Serialized model: 106178569 bytes
Code size: 68059 bytes
magnitude_pruning: 5.0% applied
Serialized model int6+zlib: 9440425 bytes
Total submission size int6+zlib: 9508484 bytes
Total submission size int8+zlib: 9508484 bytes
final_int6_roundtrip val_loss:8.7949 val_bpb:5.2088 eval_time:19258ms
final_int6_roundtrip_exact val_loss:8.79485596 val_bpb:5.20880909
E0402 07:57:01.922000 217441 torch/distributed/elastic/multiprocessing/api.py:882] failed (exitcode: -9) local_rank: 0 (pid: 217510) of binary: /usr/local/bin/python
Traceback (most recent call last):
  File "/usr/local/bin/torchrun", line 7, in <module>
    sys.exit(main())
             ^^^^^^
  File "/usr/local/lib/python3.12/dist-packages/torch/distributed/elastic/multiprocessing/errors/__init__.py", line 357, in wrapper
    return f(*args, **kwargs)
           ^^^^^^^^^^^^^^^^^^
  File "/usr/local/lib/python3.12/dist-packages/torch/distributed/run.py", line 936, in main
    run(args)
  File "/usr/local/lib/python3.12/dist-packages/torch/distributed/run.py", line 927, in run
    elastic_launch(
  File "/usr/local/lib/python3.12/dist-packages/torch/distributed/launcher/api.py", line 156, in __call__
    return launch_agent(self._config, self._entrypoint, list(args))
           ^^^^^^^^^^^^^^^^^^^^^^^^^^^^^^^^^^^^^^^^^^^^^^^^^^^^^^^^
  File "/usr/local/lib/python3.12/dist-packages/torch/distributed/launcher/api.py", line 293, in launch_agent
    raise ChildFailedError(
torch.distributed.elastic.multiprocessing.errors.ChildFailedError: 
=======================================================
train_gpt.py FAILED
-------------------------------------------------------
Failures:
  <NO_OTHER_FAILURES>
-------------------------------------------------------
Root Cause (first observed failure):
[0]:
  time      : 2026-04-02_07:57:01
  host      : 0513ba74e7b1
  rank      : 0 (local_rank: 0)
  exitcode  : -9 (pid: 217510)
  error_file: <N/A>
  traceback : Signal 9 (SIGKILL) received by PID 217510
=======================================================
