logs/exp_20260402_072508_prune_10pct.txt
val_bpb:enabled tokenizer_kind=sentencepiece tokenizer_path=./data/tokenizers/fineweb_1024_bpe.model
train_loader:dataset:fineweb10B_sp1024 train_shards:10
val_loader:shards pattern=./data/datasets/fineweb10B_sp1024/fineweb_val_*.bin tokens:62021632
model_params:26993756
mtp_num_heads:0 mtp_loss_weight:0.2 mtp_params:0
XSA:last_4 active_layers:[7, 8, 9, 10]
world_size:1 grad_accum_steps:8
sdp_backends:cudnn=False flash=True mem_efficient=False math=False
attention_mode:gqa num_heads:8 num_kv_heads:4
tie_embeddings:True embed_lr:0.035 head_lr:0.0 matrix_lr:0.025 scalar_lr:0.025
train_batch_tokens:786432 train_seq_len:2048 iterations:20000 warmup_steps:20 max_wallclock_seconds:300.000
seed:1337
warmup_step:1/20
warmup_step:2/20
warmup_step:3/20
warmup_step:4/20
warmup_step:5/20
warmup_step:6/20
warmup_step:7/20
warmup_step:8/20
warmup_step:9/20
warmup_step:10/20
warmup_step:11/20
warmup_step:12/20
warmup_step:13/20
warmup_step:14/20
warmup_step:15/20
warmup_step:16/20
warmup_step:17/20
warmup_step:18/20
warmup_step:19/20
warmup_step:20/20
step:1/20000 train_loss:6.9282 train_time:688ms step_avg:687.80ms
late_qat:enabled step:1 scale:0.1233
step:2/20000 train_loss:8.5776 train_time:1336ms step_avg:667.76ms
step:3/20000 train_loss:8.4287 train_time:1980ms step_avg:660.04ms
step:4/20000 train_loss:8.0845 train_time:2623ms step_avg:655.79ms
step:5/20000 train_loss:7.6812 train_time:3270ms step_avg:654.06ms
step:6/20000 train_loss:7.3515 train_time:3917ms step_avg:652.88ms
step:7/20000 train_loss:7.0115 train_time:4564ms step_avg:652.07ms
step:8/20000 train_loss:6.7315 train_time:5208ms step_avg:651.03ms
step:9/20000 train_loss:6.4752 train_time:5855ms step_avg:650.51ms
step:10/20000 train_loss:6.2772 train_time:6499ms step_avg:649.85ms
swa:start step:50
step:50/20000 train_loss:5.1949 train_time:32193ms step_avg:643.87ms
step:100/20000 train_loss:3.9232 train_time:64696ms step_avg:646.96ms
step:150/20000 train_loss:3.4992 train_time:96990ms step_avg:646.60ms
step:200/20000 train_loss:3.2091 train_time:129389ms step_avg:646.95ms
step:250/20000 train_loss:3.1645 train_time:161701ms step_avg:646.80ms
step:300/20000 train_loss:2.9850 train_time:194031ms step_avg:646.77ms
step:350/20000 train_loss:2.9965 train_time:226299ms step_avg:646.57ms
step:400/20000 train_loss:2.9312 train_time:258608ms step_avg:646.52ms
step:450/20000 train_loss:2.7575 train_time:290895ms step_avg:646.43ms
step:464/20000 val_loss:2.8670 val_bpb:1.6980 train_time:300094ms step_avg:646.75ms
stopping_early: wallclock_cap train_time:300094ms step:464/20000
peak memory allocated: 20857 MiB reserved: 20870 MiB
ema:applying EMA weights
DIAGNOSTIC post_ema val_loss:9.3104 val_bpb:5.5142 eval_time:15429ms
Serialized model: 106178569 bytes
Code size: 68042 bytes
magnitude_pruning: 10.0% applied
Serialized model int6+zlib: 9442121 bytes
Total submission size int6+zlib: 9510163 bytes
Total submission size int8+zlib: 9510163 bytes
final_int6_roundtrip val_loss:8.7786 val_bpb:5.1992 eval_time:19140ms
final_int6_roundtrip_exact val_loss:8.77863192 val_bpb:5.19920030
E0402 07:35:18.893000 193735 torch/distributed/elastic/multiprocessing/api.py:882] failed (exitcode: -9) local_rank: 0 (pid: 193869) of binary: /usr/local/bin/python
Traceback (most recent call last):
  File "/usr/local/bin/torchrun", line 7, in <module>
    sys.exit(main())
             ^^^^^^
  File "/usr/local/lib/python3.12/dist-packages/torch/distributed/elastic/multiprocessing/errors/__init__.py", line 357, in wrapper
    return f(*args, **kwargs)
           ^^^^^^^^^^^^^^^^^^
  File "/usr/local/lib/python3.12/dist-packages/torch/distributed/run.py", line 936, in main
    run(args)
  File "/usr/local/lib/python3.12/dist-packages/torch/distributed/run.py", line 927, in run
    elastic_launch(
  File "/usr/local/lib/python3.12/dist-packages/torch/distributed/launcher/api.py", line 156, in __call__
    return launch_agent(self._config, self._entrypoint, list(args))
           ^^^^^^^^^^^^^^^^^^^^^^^^^^^^^^^^^^^^^^^^^^^^^^^^^^^^^^^^
  File "/usr/local/lib/python3.12/dist-packages/torch/distributed/launcher/api.py", line 293, in launch_agent
    raise ChildFailedError(
torch.distributed.elastic.multiprocessing.errors.ChildFailedError: 
=======================================================
train_gpt.py FAILED
-------------------------------------------------------
Failures:
  <NO_OTHER_FAILURES>
-------------------------------------------------------
Root Cause (first observed failure):
[0]:
  time      : 2026-04-02_07:35:18
  host      : 0513ba74e7b1
  rank      : 0 (local_rank: 0)
  exitcode  : -9 (pid: 193869)
  error_file: <N/A>
  traceback : Signal 9 (SIGKILL) received by PID 193869
=======================================================
