logs/exp_20260402_071500_prune_5pct.txt
val_bpb:enabled tokenizer_kind=sentencepiece tokenizer_path=./data/tokenizers/fineweb_1024_bpe.model
train_loader:dataset:fineweb10B_sp1024 train_shards:10
val_loader:shards pattern=./data/datasets/fineweb10B_sp1024/fineweb_val_*.bin tokens:62021632
model_params:26993756
mtp_num_heads:0 mtp_loss_weight:0.2 mtp_params:0
XSA:last_4 active_layers:[7, 8, 9, 10]
world_size:1 grad_accum_steps:8
sdp_backends:cudnn=False flash=True mem_efficient=False math=False
attention_mode:gqa num_heads:8 num_kv_heads:4
tie_embeddings:True embed_lr:0.035 head_lr:0.0 matrix_lr:0.025 scalar_lr:0.025
train_batch_tokens:786432 train_seq_len:2048 iterations:20000 warmup_steps:20 max_wallclock_seconds:300.000
seed:1337
warmup_step:1/20
warmup_step:2/20
warmup_step:3/20
warmup_step:4/20
warmup_step:5/20
warmup_step:6/20
warmup_step:7/20
warmup_step:8/20
warmup_step:9/20
warmup_step:10/20
warmup_step:11/20
warmup_step:12/20
warmup_step:13/20
warmup_step:14/20
warmup_step:15/20
warmup_step:16/20
warmup_step:17/20
warmup_step:18/20
warmup_step:19/20
warmup_step:20/20
step:1/20000 train_loss:6.9282 train_time:687ms step_avg:687.11ms
late_qat:enabled step:1 scale:0.1235
step:2/20000 train_loss:8.5776 train_time:1333ms step_avg:666.29ms
step:3/20000 train_loss:8.4284 train_time:1978ms step_avg:659.29ms
step:4/20000 train_loss:8.0835 train_time:2623ms step_avg:655.68ms
step:5/20000 train_loss:7.6801 train_time:3266ms step_avg:653.15ms
step:6/20000 train_loss:7.3506 train_time:3911ms step_avg:651.79ms
step:7/20000 train_loss:7.0104 train_time:4558ms step_avg:651.15ms
step:8/20000 train_loss:6.7304 train_time:5201ms step_avg:650.09ms
step:9/20000 train_loss:6.4742 train_time:5846ms step_avg:649.61ms
step:10/20000 train_loss:6.2762 train_time:6488ms step_avg:648.83ms
swa:start step:50
step:50/20000 train_loss:5.1923 train_time:32106ms step_avg:642.12ms
step:100/20000 train_loss:3.9200 train_time:64480ms step_avg:644.80ms
step:150/20000 train_loss:3.4974 train_time:96785ms step_avg:645.24ms
step:200/20000 train_loss:3.2073 train_time:129074ms step_avg:645.37ms
step:250/20000 train_loss:3.1625 train_time:161264ms step_avg:645.06ms
step:300/20000 train_loss:2.9833 train_time:193481ms step_avg:644.94ms
step:350/20000 train_loss:2.9946 train_time:225669ms step_avg:644.77ms
step:400/20000 train_loss:2.9291 train_time:257996ms step_avg:644.99ms
step:450/20000 train_loss:2.7551 train_time:290195ms step_avg:644.88ms
step:466/20000 val_loss:2.8643 val_bpb:1.6964 train_time:300532ms step_avg:644.92ms
stopping_early: wallclock_cap train_time:300532ms step:466/20000
peak memory allocated: 20857 MiB reserved: 20870 MiB
ema:applying EMA weights
DIAGNOSTIC post_ema val_loss:9.2909 val_bpb:5.5026 eval_time:15405ms
Serialized model: 106178569 bytes
Code size: 68042 bytes
magnitude_pruning: 5.0% applied
Serialized model int6+zlib: 9462132 bytes
Total submission size int6+zlib: 9530174 bytes
Total submission size int8+zlib: 9530174 bytes
final_int6_roundtrip val_loss:8.7277 val_bpb:5.1691 eval_time:19218ms
final_int6_roundtrip_exact val_loss:8.72773000 val_bpb:5.16905331
E0402 07:25:08.500000 181932 torch/distributed/elastic/multiprocessing/api.py:882] failed (exitcode: -9) local_rank: 0 (pid: 182066) of binary: /usr/local/bin/python
Traceback (most recent call last):
  File "/usr/local/bin/torchrun", line 7, in <module>
    sys.exit(main())
             ^^^^^^
  File "/usr/local/lib/python3.12/dist-packages/torch/distributed/elastic/multiprocessing/errors/__init__.py", line 357, in wrapper
    return f(*args, **kwargs)
           ^^^^^^^^^^^^^^^^^^
  File "/usr/local/lib/python3.12/dist-packages/torch/distributed/run.py", line 936, in main
    run(args)
  File "/usr/local/lib/python3.12/dist-packages/torch/distributed/run.py", line 927, in run
    elastic_launch(
  File "/usr/local/lib/python3.12/dist-packages/torch/distributed/launcher/api.py", line 156, in __call__
    return launch_agent(self._config, self._entrypoint, list(args))
           ^^^^^^^^^^^^^^^^^^^^^^^^^^^^^^^^^^^^^^^^^^^^^^^^^^^^^^^^
  File "/usr/local/lib/python3.12/dist-packages/torch/distributed/launcher/api.py", line 293, in launch_agent
    raise ChildFailedError(
torch.distributed.elastic.multiprocessing.errors.ChildFailedError: 
=======================================================
train_gpt.py FAILED
-------------------------------------------------------
Failures:
  <NO_OTHER_FAILURES>
-------------------------------------------------------
Root Cause (first observed failure):
[0]:
  time      : 2026-04-02_07:25:08
  host      : 0513ba74e7b1
  rank      : 0 (local_rank: 0)
  exitcode  : -9 (pid: 182066)
  error_file: <N/A>
  traceback : Signal 9 (SIGKILL) received by PID 182066
=======================================================
