logs/exp_20260402_062133_int5_all.txt
val_bpb:enabled tokenizer_kind=sentencepiece tokenizer_path=./data/tokenizers/fineweb_1024_bpe.model
train_loader:dataset:fineweb10B_sp1024 train_shards:10
val_loader:shards pattern=./data/datasets/fineweb10B_sp1024/fineweb_val_*.bin tokens:62021632
model_params:26993756
mtp_num_heads:0 mtp_loss_weight:0.2 mtp_params:0
XSA:last_4 active_layers:[7, 8, 9, 10]
world_size:1 grad_accum_steps:8
sdp_backends:cudnn=False flash=True mem_efficient=False math=False
attention_mode:gqa num_heads:8 num_kv_heads:4
tie_embeddings:True embed_lr:0.035 head_lr:0.0 matrix_lr:0.025 scalar_lr:0.025
train_batch_tokens:786432 train_seq_len:2048 iterations:20000 warmup_steps:20 max_wallclock_seconds:300.000
seed:1337
warmup_step:1/20
warmup_step:2/20
warmup_step:3/20
warmup_step:4/20
warmup_step:5/20
warmup_step:6/20
warmup_step:7/20
warmup_step:8/20
warmup_step:9/20
warmup_step:10/20
warmup_step:11/20
warmup_step:12/20
warmup_step:13/20
warmup_step:14/20
warmup_step:15/20
warmup_step:16/20
warmup_step:17/20
warmup_step:18/20
warmup_step:19/20
warmup_step:20/20
step:1/20000 train_loss:6.9282 train_time:688ms step_avg:687.80ms
late_qat:enabled step:1 scale:0.1232
step:2/20000 train_loss:8.5776 train_time:1339ms step_avg:669.60ms
step:3/20000 train_loss:8.4288 train_time:1987ms step_avg:662.22ms
step:4/20000 train_loss:8.0854 train_time:2635ms step_avg:658.84ms
step:5/20000 train_loss:7.6830 train_time:3282ms step_avg:656.45ms
step:6/20000 train_loss:7.3541 train_time:3928ms step_avg:654.65ms
step:7/20000 train_loss:7.0144 train_time:4572ms step_avg:653.07ms
step:8/20000 train_loss:6.7343 train_time:5219ms step_avg:652.44ms
step:9/20000 train_loss:6.4775 train_time:5864ms step_avg:651.50ms
step:10/20000 train_loss:6.2793 train_time:6509ms step_avg:650.95ms
swa:start step:50
step:50/20000 train_loss:5.1960 train_time:32202ms step_avg:644.05ms
step:100/20000 train_loss:3.9238 train_time:64724ms step_avg:647.24ms
step:150/20000 train_loss:3.5001 train_time:97159ms step_avg:647.73ms
step:200/20000 train_loss:3.2094 train_time:129437ms step_avg:647.19ms
step:250/20000 train_loss:3.1645 train_time:161783ms step_avg:647.13ms
step:300/20000 train_loss:2.9854 train_time:194175ms step_avg:647.25ms
step:350/20000 train_loss:2.9970 train_time:226495ms step_avg:647.13ms
step:400/20000 train_loss:2.9317 train_time:258879ms step_avg:647.20ms
step:450/20000 train_loss:2.7580 train_time:291207ms step_avg:647.13ms
step:464/20000 val_loss:2.8677 val_bpb:1.6984 train_time:300308ms step_avg:647.21ms
stopping_early: wallclock_cap train_time:300308ms step:464/20000
peak memory allocated: 20857 MiB reserved: 20870 MiB
ema:applying EMA weights
DIAGNOSTIC post_ema val_loss:9.3146 val_bpb:5.5166 eval_time:15429ms
Serialized model: 106178569 bytes
Code size: 67625 bytes
Serialized model int6+zlib: 3746124 bytes
Total submission size int6+zlib: 3813749 bytes
Total submission size int8+zlib: 3813749 bytes
final_int6_roundtrip val_loss:11.6330 val_bpb:6.8897 eval_time:19190ms
final_int6_roundtrip_exact val_loss:11.63302314 val_bpb:6.88973156
E0402 06:31:54.909000 122861 torch/distributed/elastic/multiprocessing/api.py:882] failed (exitcode: -9) local_rank: 0 (pid: 122930) of binary: /usr/local/bin/python
Traceback (most recent call last):
  File "/usr/local/bin/torchrun", line 7, in <module>
    sys.exit(main())
             ^^^^^^
  File "/usr/local/lib/python3.12/dist-packages/torch/distributed/elastic/multiprocessing/errors/__init__.py", line 357, in wrapper
    return f(*args, **kwargs)
           ^^^^^^^^^^^^^^^^^^
  File "/usr/local/lib/python3.12/dist-packages/torch/distributed/run.py", line 936, in main
    run(args)
  File "/usr/local/lib/python3.12/dist-packages/torch/distributed/run.py", line 927, in run
    elastic_launch(
  File "/usr/local/lib/python3.12/dist-packages/torch/distributed/launcher/api.py", line 156, in __call__
    return launch_agent(self._config, self._entrypoint, list(args))
           ^^^^^^^^^^^^^^^^^^^^^^^^^^^^^^^^^^^^^^^^^^^^^^^^^^^^^^^^
  File "/usr/local/lib/python3.12/dist-packages/torch/distributed/launcher/api.py", line 293, in launch_agent
    raise ChildFailedError(
torch.distributed.elastic.multiprocessing.errors.ChildFailedError: 
=======================================================
train_gpt.py FAILED
-------------------------------------------------------
Failures:
  <NO_OTHER_FAILURES>
-------------------------------------------------------
Root Cause (first observed failure):
[0]:
  time      : 2026-04-02_06:31:54
  host      : 0513ba74e7b1
  rank      : 0 (local_rank: 0)
  exitcode  : -9 (pid: 122930)
  error_file: <N/A>
  traceback : Signal 9 (SIGKILL) received by PID 122930
=======================================================
