logs/exp_20260402_073633_clip_3_percentiles.txt
val_bpb:enabled tokenizer_kind=sentencepiece tokenizer_path=./data/tokenizers/fineweb_1024_bpe.model
train_loader:dataset:fineweb10B_sp1024 train_shards:10
val_loader:shards pattern=./data/datasets/fineweb10B_sp1024/fineweb_val_*.bin tokens:62021632
model_params:26993756
mtp_num_heads:0 mtp_loss_weight:0.2 mtp_params:0
XSA:last_4 active_layers:[7, 8, 9, 10]
world_size:1 grad_accum_steps:8
sdp_backends:cudnn=False flash=True mem_efficient=False math=False
attention_mode:gqa num_heads:8 num_kv_heads:4
tie_embeddings:True embed_lr:0.035 head_lr:0.0 matrix_lr:0.025 scalar_lr:0.025
train_batch_tokens:786432 train_seq_len:2048 iterations:20000 warmup_steps:20 max_wallclock_seconds:300.000
seed:1337
warmup_step:1/20
warmup_step:2/20
warmup_step:3/20
warmup_step:4/20
warmup_step:5/20
warmup_step:6/20
warmup_step:7/20
warmup_step:8/20
warmup_step:9/20
warmup_step:10/20
warmup_step:11/20
warmup_step:12/20
warmup_step:13/20
warmup_step:14/20
warmup_step:15/20
warmup_step:16/20
warmup_step:17/20
warmup_step:18/20
warmup_step:19/20
warmup_step:20/20
step:1/20000 train_loss:6.9282 train_time:689ms step_avg:689.37ms
late_qat:enabled step:1 scale:0.1230
step:2/20000 train_loss:8.5776 train_time:1336ms step_avg:667.78ms
step:3/20000 train_loss:8.4292 train_time:1980ms step_avg:659.95ms
step:4/20000 train_loss:8.0848 train_time:2625ms step_avg:656.30ms
step:5/20000 train_loss:7.6815 train_time:3270ms step_avg:654.05ms
step:6/20000 train_loss:7.3519 train_time:3915ms step_avg:652.43ms
step:7/20000 train_loss:7.0116 train_time:4560ms step_avg:651.43ms
step:8/20000 train_loss:6.7314 train_time:5205ms step_avg:650.64ms
step:9/20000 train_loss:6.4749 train_time:5851ms step_avg:650.07ms
step:10/20000 train_loss:6.2768 train_time:6494ms step_avg:649.35ms
swa:start step:50
step:50/20000 train_loss:5.1932 train_time:32131ms step_avg:642.62ms
step:100/20000 train_loss:3.9218 train_time:64615ms step_avg:646.15ms
step:150/20000 train_loss:3.4983 train_time:96869ms step_avg:645.79ms
step:200/20000 train_loss:3.2084 train_time:129135ms step_avg:645.67ms
step:250/20000 train_loss:3.1628 train_time:161440ms step_avg:645.76ms
step:300/20000 train_loss:2.9833 train_time:193747ms step_avg:645.82ms
step:350/20000 train_loss:2.9951 train_time:226024ms step_avg:645.78ms
step:400/20000 train_loss:2.9298 train_time:258261ms step_avg:645.65ms
step:450/20000 train_loss:2.7558 train_time:290543ms step_avg:645.65ms
step:465/20000 val_loss:2.8652 val_bpb:1.6969 train_time:300282ms step_avg:645.77ms
stopping_early: wallclock_cap train_time:300282ms step:465/20000
peak memory allocated: 20857 MiB reserved: 20870 MiB
ema:applying EMA weights
DIAGNOSTIC post_ema val_loss:9.2961 val_bpb:5.5057 eval_time:15427ms
Serialized model: 106178569 bytes
Code size: 68026 bytes
magnitude_pruning: 5.0% applied
Serialized model int6+zlib: 9452457 bytes
Total submission size int6+zlib: 9520483 bytes
Total submission size int8+zlib: 9520483 bytes
final_int6_roundtrip val_loss:8.7343 val_bpb:5.1730 eval_time:19260ms
final_int6_roundtrip_exact val_loss:8.73432065 val_bpb:5.17295667
E0402 07:46:43.411000 205624 torch/distributed/elastic/multiprocessing/api.py:882] failed (exitcode: -9) local_rank: 0 (pid: 205693) of binary: /usr/local/bin/python
Traceback (most recent call last):
  File "/usr/local/bin/torchrun", line 7, in <module>
    sys.exit(main())
             ^^^^^^
  File "/usr/local/lib/python3.12/dist-packages/torch/distributed/elastic/multiprocessing/errors/__init__.py", line 357, in wrapper
    return f(*args, **kwargs)
           ^^^^^^^^^^^^^^^^^^
  File "/usr/local/lib/python3.12/dist-packages/torch/distributed/run.py", line 936, in main
    run(args)
  File "/usr/local/lib/python3.12/dist-packages/torch/distributed/run.py", line 927, in run
    elastic_launch(
  File "/usr/local/lib/python3.12/dist-packages/torch/distributed/launcher/api.py", line 156, in __call__
    return launch_agent(self._config, self._entrypoint, list(args))
           ^^^^^^^^^^^^^^^^^^^^^^^^^^^^^^^^^^^^^^^^^^^^^^^^^^^^^^^^
  File "/usr/local/lib/python3.12/dist-packages/torch/distributed/launcher/api.py", line 293, in launch_agent
    raise ChildFailedError(
torch.distributed.elastic.multiprocessing.errors.ChildFailedError: 
=======================================================
train_gpt.py FAILED
-------------------------------------------------------
Failures:
  <NO_OTHER_FAILURES>
-------------------------------------------------------
Root Cause (first observed failure):
[0]:
  time      : 2026-04-02_07:46:43
  host      : 0513ba74e7b1
  rank      : 0 (local_rank: 0)
  exitcode  : -9 (pid: 205693)
  error_file: <N/A>
  traceback : Signal 9 (SIGKILL) received by PID 205693
=======================================================
