logs/faece333-e317-47e0-ae6a-500aeae47f08.txt
val_bpb:enabled tokenizer_kind=sentencepiece tokenizer_path=./data/tokenizers/fineweb_1024_bpe.model
train_loader:dataset:fineweb10B_sp1024 train_shards:10
val_loader:shards pattern=./data/datasets/fineweb10B_sp1024/fineweb_val_*.bin tokens:62021632
model_params:26993756
mtp_num_heads:0 mtp_loss_weight:0.2 mtp_params:0
XSA:last_4 active_layers:[7, 8, 9, 10]
world_size:1 grad_accum_steps:8
sdp_backends:cudnn=False flash=True mem_efficient=False math=False
attention_mode:gqa num_heads:8 num_kv_heads:4
tie_embeddings:True embed_lr:0.035 head_lr:0.0 matrix_lr:0.025 scalar_lr:0.025
train_batch_tokens:786432 train_seq_len:2048 iterations:20000 warmup_steps:20 max_wallclock_seconds:300.000
seed:1337
warmup_step:1/20
warmup_step:2/20
warmup_step:3/20
warmup_step:4/20
warmup_step:5/20
warmup_step:6/20
warmup_step:7/20
warmup_step:8/20
warmup_step:9/20
warmup_step:10/20
warmup_step:11/20
warmup_step:12/20
warmup_step:13/20
warmup_step:14/20
warmup_step:15/20
warmup_step:16/20
warmup_step:17/20
warmup_step:18/20
warmup_step:19/20
warmup_step:20/20
step:1/20000 train_loss:6.9282 train_time:712ms step_avg:711.87ms
late_qat:enabled step:1 scale:0.1201
step:2/20000 train_loss:8.5824 train_time:1358ms step_avg:678.90ms
step:3/20000 train_loss:8.4342 train_time:2032ms step_avg:677.36ms
step:4/20000 train_loss:8.0897 train_time:2680ms step_avg:670.02ms
step:5/20000 train_loss:7.6904 train_time:3338ms step_avg:667.56ms
step:6/20000 train_loss:7.3627 train_time:3989ms step_avg:664.89ms
step:7/20000 train_loss:7.0242 train_time:4647ms step_avg:663.89ms
step:8/20000 train_loss:6.7447 train_time:5298ms step_avg:662.29ms
step:9/20000 train_loss:6.4872 train_time:5947ms step_avg:660.82ms
step:10/20000 train_loss:6.2888 train_time:6606ms step_avg:660.57ms
swa:start step:50
step:100/20000 train_loss:3.9532 train_time:66363ms step_avg:663.63ms
step:200/20000 train_loss:3.2471 train_time:132983ms step_avg:664.91ms
step:300/20000 train_loss:3.0195 train_time:199722ms step_avg:665.74ms
step:400/20000 train_loss:2.9703 train_time:266156ms step_avg:665.39ms
step:451/20000 val_loss:2.9116 val_bpb:1.7244 train_time:300269ms step_avg:665.79ms
stopping_early: wallclock_cap train_time:300269ms step:451/20000
peak memory allocated: 20856 MiB reserved: 20958 MiB
ema:SKIPPED (disabled for dev gap test)
DIAGNOSTIC post_ema val_loss:2.9116 val_bpb:1.7244 eval_time:15497ms
Serialized model: 106178569 bytes
Code size: 67874 bytes
magnitude_pruning: 5.0% applied
Serialized model int6+zlib: 10387864 bytes
Total submission size int6+zlib: 10455738 bytes
Total submission size int8+zlib: 10455738 bytes
final_int6_roundtrip val_loss:3.8465 val_bpb:2.2781 eval_time:50355ms
final_int6_roundtrip_exact val_loss:3.84653425 val_bpb:2.27813425
final_int6_sliding_window val_loss:3.8594 val_bpb:2.2858 stride:64 eval_time:583375ms
final_int6_sliding_window_exact val_loss:3.85939163 val_bpb:2.28575516
final_int8_zlib_roundtrip_exact val_loss:3.85939163 val_bpb:2.28575516
