logs/exp_20260402_054531_swiglu_2_3_hidden.txt
val_bpb:enabled tokenizer_kind=sentencepiece tokenizer_path=./data/tokenizers/fineweb_1024_bpe.model
train_loader:dataset:fineweb10B_sp1024 train_shards:10
val_loader:shards pattern=./data/datasets/fineweb10B_sp1024/fineweb_val_*.bin tokens:62021632
model_params:26993756
mtp_num_heads:0 mtp_loss_weight:0.2 mtp_params:0
XSA:last_4 active_layers:[7, 8, 9, 10]
world_size:1 grad_accum_steps:8
sdp_backends:cudnn=False flash=True mem_efficient=False math=False
attention_mode:gqa num_heads:8 num_kv_heads:4
tie_embeddings:True embed_lr:0.035 head_lr:0.0 matrix_lr:0.025 scalar_lr:0.025
train_batch_tokens:786432 train_seq_len:2048 iterations:20000 warmup_steps:20 max_wallclock_seconds:300.000
seed:1337
warmup_step:1/20
warmup_step:2/20
warmup_step:3/20
warmup_step:4/20
warmup_step:5/20
warmup_step:6/20
warmup_step:7/20
warmup_step:8/20
warmup_step:9/20
warmup_step:10/20
warmup_step:11/20
warmup_step:12/20
warmup_step:13/20
warmup_step:14/20
warmup_step:15/20
warmup_step:16/20
warmup_step:17/20
warmup_step:18/20
warmup_step:19/20
warmup_step:20/20
step:1/20000 train_loss:6.9282 train_time:1186ms step_avg:1186.08ms
late_qat:enabled step:1 scale:0.0714
step:2/20000 train_loss:8.6275 train_time:2319ms step_avg:1159.65ms
step:3/20000 train_loss:8.5347 train_time:3431ms step_avg:1143.80ms
step:4/20000 train_loss:8.3074 train_time:4566ms step_avg:1141.49ms
step:5/20000 train_loss:8.0159 train_time:5681ms step_avg:1136.27ms
step:6/20000 train_loss:7.7715 train_time:6800ms step_avg:1133.35ms
step:7/20000 train_loss:7.4917 train_time:7937ms step_avg:1133.87ms
step:8/20000 train_loss:7.2536 train_time:9051ms step_avg:1131.40ms
step:9/20000 train_loss:6.9938 train_time:10170ms step_avg:1130.02ms
step:10/20000 train_loss:6.7887 train_time:11303ms step_avg:1130.30ms
swa:start step:50
step:50/20000 train_loss:5.4687 train_time:55753ms step_avg:1115.05ms
step:100/20000 train_loss:5.0024 train_time:111681ms step_avg:1116.81ms
step:150/20000 train_loss:4.2288 train_time:167439ms step_avg:1116.26ms
step:200/20000 train_loss:3.8867 train_time:223129ms step_avg:1115.65ms
step:250/20000 train_loss:3.8744 train_time:278860ms step_avg:1115.44ms
step:269/20000 val_loss:3.8064 val_bpb:2.2544 train_time:300065ms step_avg:1115.48ms
stopping_early: wallclock_cap train_time:300065ms step:269/20000
peak memory allocated: 21055 MiB reserved: 21144 MiB
ema:applying EMA weights
DIAGNOSTIC post_ema val_loss:7.0726 val_bpb:4.1888 eval_time:26268ms
Serialized model: 106182111 bytes
Code size: 67658 bytes
Serialized model int6+zlib: 6573404 bytes
Total submission size int6+zlib: 6641062 bytes
Total submission size int8+zlib: 6641062 bytes
final_int6_roundtrip val_loss:7.5625 val_bpb:4.4790 eval_time:58391ms
final_int6_roundtrip_exact val_loss:7.56253993 val_bpb:4.47896213
E0402 05:58:55.040000 79531 torch/distributed/elastic/multiprocessing/api.py:882] failed (exitcode: -9) local_rank: 0 (pid: 79600) of binary: /usr/local/bin/python
Traceback (most recent call last):
  File "/usr/local/bin/torchrun", line 7, in <module>
    sys.exit(main())
             ^^^^^^
  File "/usr/local/lib/python3.12/dist-packages/torch/distributed/elastic/multiprocessing/errors/__init__.py", line 357, in wrapper
    return f(*args, **kwargs)
           ^^^^^^^^^^^^^^^^^^
  File "/usr/local/lib/python3.12/dist-packages/torch/distributed/run.py", line 936, in main
    run(args)
  File "/usr/local/lib/python3.12/dist-packages/torch/distributed/run.py", line 927, in run
    elastic_launch(
  File "/usr/local/lib/python3.12/dist-packages/torch/distributed/launcher/api.py", line 156, in __call__
    return launch_agent(self._config, self._entrypoint, list(args))
           ^^^^^^^^^^^^^^^^^^^^^^^^^^^^^^^^^^^^^^^^^^^^^^^^^^^^^^^^
  File "/usr/local/lib/python3.12/dist-packages/torch/distributed/launcher/api.py", line 293, in launch_agent
    raise ChildFailedError(
torch.distributed.elastic.multiprocessing.errors.ChildFailedError: 
======================================================
train_gpt.py FAILED
------------------------------------------------------
Failures:
  <NO_OTHER_FAILURES>
------------------------------------------------------
Root Cause (first observed failure):
[0]:
  time      : 2026-04-02_05:58:55
  host      : 0513ba74e7b1
  rank      : 0 (local_rank: 0)
  exitcode  : -9 (pid: 79600)
  error_file: <N/A>
  traceback : Signal 9 (SIGKILL) received by PID 79600
======================================================
