logs/exp_20260402_063216_int6_mlp_int8_attn.txt
val_bpb:enabled tokenizer_kind=sentencepiece tokenizer_path=./data/tokenizers/fineweb_1024_bpe.model
train_loader:dataset:fineweb10B_sp1024 train_shards:10
val_loader:shards pattern=./data/datasets/fineweb10B_sp1024/fineweb_val_*.bin tokens:62021632
model_params:26993756
mtp_num_heads:0 mtp_loss_weight:0.2 mtp_params:0
XSA:last_4 active_layers:[7, 8, 9, 10]
world_size:1 grad_accum_steps:8
sdp_backends:cudnn=False flash=True mem_efficient=False math=False
attention_mode:gqa num_heads:8 num_kv_heads:4
tie_embeddings:True embed_lr:0.035 head_lr:0.0 matrix_lr:0.025 scalar_lr:0.025
train_batch_tokens:786432 train_seq_len:2048 iterations:20000 warmup_steps:20 max_wallclock_seconds:300.000
seed:1337
warmup_step:1/20
warmup_step:2/20
warmup_step:3/20
warmup_step:4/20
warmup_step:5/20
warmup_step:6/20
warmup_step:7/20
warmup_step:8/20
warmup_step:9/20
warmup_step:10/20
warmup_step:11/20
warmup_step:12/20
warmup_step:13/20
warmup_step:14/20
warmup_step:15/20
warmup_step:16/20
warmup_step:17/20
warmup_step:18/20
warmup_step:19/20
warmup_step:20/20
step:1/20000 train_loss:6.9282 train_time:728ms step_avg:727.65ms
late_qat:enabled step:1 scale:0.1166
step:2/20000 train_loss:8.5776 train_time:1376ms step_avg:688.20ms
step:3/20000 train_loss:8.4378 train_time:2024ms step_avg:674.81ms
step:4/20000 train_loss:8.1001 train_time:2668ms step_avg:667.05ms
step:5/20000 train_loss:7.6995 train_time:3316ms step_avg:663.13ms
step:6/20000 train_loss:7.3702 train_time:3964ms step_avg:660.64ms
step:7/20000 train_loss:7.0294 train_time:4664ms step_avg:666.22ms
step:8/20000 train_loss:6.7513 train_time:5310ms step_avg:663.72ms
step:9/20000 train_loss:6.4929 train_time:5955ms step_avg:661.66ms
step:10/20000 train_loss:6.2938 train_time:6603ms step_avg:660.33ms
swa:start step:50
step:50/20000 train_loss:5.2072 train_time:32364ms step_avg:647.29ms
step:100/20000 train_loss:3.9304 train_time:64881ms step_avg:648.81ms
step:150/20000 train_loss:3.5035 train_time:97256ms step_avg:648.37ms
step:200/20000 train_loss:3.2129 train_time:129501ms step_avg:647.50ms
step:250/20000 train_loss:3.1673 train_time:162009ms step_avg:648.04ms
step:300/20000 train_loss:2.9881 train_time:194846ms step_avg:649.49ms
step:350/20000 train_loss:2.9994 train_time:227263ms step_avg:649.32ms
step:400/20000 train_loss:2.9346 train_time:259679ms step_avg:649.20ms
step:450/20000 train_loss:2.7615 train_time:292144ms step_avg:649.21ms
step:462/20000 val_loss:2.8714 val_bpb:1.7006 train_time:300059ms step_avg:649.48ms
stopping_early: wallclock_cap train_time:300059ms step:462/20000
peak memory allocated: 20858 MiB reserved: 20870 MiB
ema:applying EMA weights
DIAGNOSTIC post_ema val_loss:9.3508 val_bpb:5.5380 eval_time:15436ms
Serialized model: 106178569 bytes
Code size: 67617 bytes
Serialized model int6+zlib: 7687301 bytes
Total submission size int6+zlib: 7754918 bytes
Total submission size int8+zlib: 7754918 bytes
final_int6_roundtrip val_loss:13.0245 val_bpb:7.7139 eval_time:19342ms
final_int6_roundtrip_exact val_loss:13.02454311 val_bpb:7.71386807
E0402 06:42:27.468000 134668 torch/distributed/elastic/multiprocessing/api.py:882] failed (exitcode: -9) local_rank: 0 (pid: 134737) of binary: /usr/local/bin/python
Traceback (most recent call last):
  File "/usr/local/bin/torchrun", line 7, in <module>
    sys.exit(main())
             ^^^^^^
  File "/usr/local/lib/python3.12/dist-packages/torch/distributed/elastic/multiprocessing/errors/__init__.py", line 357, in wrapper
    return f(*args, **kwargs)
           ^^^^^^^^^^^^^^^^^^
  File "/usr/local/lib/python3.12/dist-packages/torch/distributed/run.py", line 936, in main
    run(args)
  File "/usr/local/lib/python3.12/dist-packages/torch/distributed/run.py", line 927, in run
    elastic_launch(
  File "/usr/local/lib/python3.12/dist-packages/torch/distributed/launcher/api.py", line 156, in __call__
    return launch_agent(self._config, self._entrypoint, list(args))
           ^^^^^^^^^^^^^^^^^^^^^^^^^^^^^^^^^^^^^^^^^^^^^^^^^^^^^^^^
  File "/usr/local/lib/python3.12/dist-packages/torch/distributed/launcher/api.py", line 293, in launch_agent
    raise ChildFailedError(
torch.distributed.elastic.multiprocessing.errors.ChildFailedError: 
=======================================================
train_gpt.py FAILED
-------------------------------------------------------
Failures:
  <NO_OTHER_FAILURES>
-------------------------------------------------------
Root Cause (first observed failure):
[0]:
  time      : 2026-04-02_06:42:27
  host      : 0513ba74e7b1
  rank      : 0 (local_rank: 0)
  exitcode  : -9 (pid: 134737)
  error_file: <N/A>
  traceback : Signal 9 (SIGKILL) received by PID 134737
=======================================================
