logs/exp_20260402_051122_leaky_relu_0.5.txt
val_bpb:enabled tokenizer_kind=sentencepiece tokenizer_path=./data/tokenizers/fineweb_1024_bpe.model
train_loader:dataset:fineweb10B_sp1024 train_shards:10
val_loader:shards pattern=./data/datasets/fineweb10B_sp1024/fineweb_val_*.bin tokens:62021632
model_params:26993756
mtp_num_heads:0 mtp_loss_weight:0.2 mtp_params:0
XSA:last_4 active_layers:[7, 8, 9, 10]
world_size:1 grad_accum_steps:8
sdp_backends:cudnn=False flash=True mem_efficient=False math=False
attention_mode:gqa num_heads:8 num_kv_heads:4
tie_embeddings:True embed_lr:0.035 head_lr:0.0 matrix_lr:0.025 scalar_lr:0.025
train_batch_tokens:786432 train_seq_len:2048 iterations:20000 warmup_steps:20 max_wallclock_seconds:300.000
seed:1337
warmup_step:1/20
warmup_step:2/20
warmup_step:3/20
warmup_step:4/20
warmup_step:5/20
warmup_step:6/20
warmup_step:7/20
warmup_step:8/20
warmup_step:9/20
warmup_step:10/20
warmup_step:11/20
warmup_step:12/20
warmup_step:13/20
warmup_step:14/20
warmup_step:15/20
warmup_step:16/20
warmup_step:17/20
warmup_step:18/20
warmup_step:19/20
warmup_step:20/20
step:1/20000 train_loss:6.9282 train_time:688ms step_avg:688.06ms
late_qat:enabled step:1 scale:0.1232
step:2/20000 train_loss:8.5776 train_time:1336ms step_avg:668.00ms
step:3/20000 train_loss:8.4288 train_time:1981ms step_avg:660.22ms
step:4/20000 train_loss:8.0846 train_time:2623ms step_avg:655.81ms
step:5/20000 train_loss:7.6813 train_time:3269ms step_avg:653.70ms
step:6/20000 train_loss:7.3515 train_time:3912ms step_avg:652.05ms
step:7/20000 train_loss:7.0113 train_time:4557ms step_avg:650.95ms
step:8/20000 train_loss:6.7311 train_time:5201ms step_avg:650.10ms
step:9/20000 train_loss:6.4746 train_time:5846ms step_avg:649.55ms
step:10/20000 train_loss:6.2764 train_time:6490ms step_avg:649.00ms
swa:start step:50
step:50/20000 train_loss:5.1941 train_time:32170ms step_avg:643.39ms
step:100/20000 train_loss:3.9242 train_time:64850ms step_avg:648.50ms
step:150/20000 train_loss:3.5016 train_time:98362ms step_avg:655.75ms
step:200/20000 train_loss:3.2131 train_time:130790ms step_avg:653.95ms
step:250/20000 train_loss:3.1677 train_time:163224ms step_avg:652.90ms
step:300/20000 train_loss:2.9900 train_time:196311ms step_avg:654.37ms
step:350/20000 train_loss:3.0028 train_time:228860ms step_avg:653.88ms
step:400/20000 train_loss:2.9390 train_time:261539ms step_avg:653.85ms
step:450/20000 train_loss:2.7669 train_time:294135ms step_avg:653.63ms
step:459/20000 val_loss:2.8775 val_bpb:1.7042 train_time:300081ms step_avg:653.77ms
stopping_early: wallclock_cap train_time:300081ms step:459/20000
peak memory allocated: 20856 MiB reserved: 20958 MiB
ema:applying EMA weights
DIAGNOSTIC post_ema val_loss:9.3513 val_bpb:5.5384 eval_time:15419ms
Serialized model: 106178569 bytes
Code size: 67625 bytes
Serialized model int6+zlib: 5592172 bytes
Total submission size int6+zlib: 5659797 bytes
Total submission size int8+zlib: 5659797 bytes
final_int6_roundtrip val_loss:11.6665 val_bpb:6.9095 eval_time:46829ms
final_int6_roundtrip_exact val_loss:11.66646058 val_bpb:6.90953509
final_int6_sliding_window val_loss:11.6654 val_bpb:6.9089 stride:64 eval_time:1580301ms
final_int6_sliding_window_exact val_loss:11.66541819 val_bpb:6.90893602
final_int8_zlib_roundtrip_exact val_loss:11.66541819 val_bpb:6.90893602
